<?xml version="1.0" encoding="UTF-8"?>
<testsuite xmlns:xsi="http://www.w3.org/2001/XMLSchema-instance" xsi:noNamespaceSchemaLocation="https://maven.apache.org/surefire/maven-surefire-plugin/xsd/surefire-test-report-3.0.xsd" version="3.0" name="TestSuite" time="16.936" tests="4" errors="0" skipped="0" failures="1">
  <properties>
    <property name="sun.desktop" value="gnome"/>
    <property name="awt.toolkit" value="sun.awt.X11.XToolkit"/>
    <property name="file.encoding.pkg" value="sun.io"/>
    <property name="java.specification.version" value="1.8"/>
    <property name="webdriver.chrome.driver" value="/home/abhishek/Documents/chromedriver"/>
    <property name="sun.cpu.isalist" value=""/>
    <property name="sun.jnu.encoding" value="UTF-8"/>
    <property name="java.class.path" value="/home/abhishek/eclipse-workspace/E2EProject/target/test-classes:/home/abhishek/eclipse-workspace/E2EProject/target/classes:/home/abhishek/.m2/repository/org/seleniumhq/selenium/selenium-java/4.0.0-alpha-6/selenium-java-4.0.0-alpha-6.jar:/home/abhishek/.m2/repository/org/seleniumhq/selenium/selenium-api/4.0.0-alpha-6/selenium-api-4.0.0-alpha-6.jar:/home/abhishek/.m2/repository/org/seleniumhq/selenium/selenium-chrome-driver/4.0.0-alpha-6/selenium-chrome-driver-4.0.0-alpha-6.jar:/home/abhishek/.m2/repository/com/google/auto/service/auto-service-annotations/1.0-rc6/auto-service-annotations-1.0-rc6.jar:/home/abhishek/.m2/repository/com/google/auto/service/auto-service/1.0-rc6/auto-service-1.0-rc6.jar:/home/abhishek/.m2/repository/com/google/auto/auto-common/0.10/auto-common-0.10.jar:/home/abhishek/.m2/repository/com/google/guava/guava/29.0-jre/guava-29.0-jre.jar:/home/abhishek/.m2/repository/com/google/guava/failureaccess/1.0.1/failureaccess-1.0.1.jar:/home/abhishek/.m2/repository/com/google/guava/listenablefuture/9999.0-empty-to-avoid-conflict-with-guava/listenablefuture-9999.0-empty-to-avoid-conflict-with-guava.jar:/home/abhishek/.m2/repository/com/google/code/findbugs/jsr305/3.0.2/jsr305-3.0.2.jar:/home/abhishek/.m2/repository/org/checkerframework/checker-qual/2.11.1/checker-qual-2.11.1.jar:/home/abhishek/.m2/repository/com/google/errorprone/error_prone_annotations/2.3.4/error_prone_annotations-2.3.4.jar:/home/abhishek/.m2/repository/com/google/j2objc/j2objc-annotations/1.3/j2objc-annotations-1.3.jar:/home/abhishek/.m2/repository/org/seleniumhq/selenium/selenium-chromium-driver/4.0.0-alpha-6/selenium-chromium-driver-4.0.0-alpha-6.jar:/home/abhishek/.m2/repository/org/seleniumhq/selenium/selenium-devtools/4.0.0-alpha-6/selenium-devtools-4.0.0-alpha-6.jar:/home/abhishek/.m2/repository/org/seleniumhq/selenium/selenium-http/4.0.0-alpha-6/selenium-http-4.0.0-alpha-6.jar:/home/abhishek/.m2/repository/org/seleniumhq/selenium/selenium-json/4.0.0-alpha-6/selenium-json-4.0.0-alpha-6.jar:/home/abhishek/.m2/repository/org/seleniumhq/selenium/selenium-edge-driver/4.0.0-alpha-6/selenium-edge-driver-4.0.0-alpha-6.jar:/home/abhishek/.m2/repository/org/seleniumhq/selenium/selenium-edgehtml-driver/4.0.0-alpha-6/selenium-edgehtml-driver-4.0.0-alpha-6.jar:/home/abhishek/.m2/repository/org/seleniumhq/selenium/selenium-firefox-driver/4.0.0-alpha-6/selenium-firefox-driver-4.0.0-alpha-6.jar:/home/abhishek/.m2/repository/org/seleniumhq/selenium/selenium-firefox-xpi-driver/4.0.0-alpha-6/selenium-firefox-xpi-driver-4.0.0-alpha-6.jar:/home/abhishek/.m2/repository/org/seleniumhq/selenium/selenium-ie-driver/4.0.0-alpha-6/selenium-ie-driver-4.0.0-alpha-6.jar:/home/abhishek/.m2/repository/org/seleniumhq/selenium/selenium-opera-driver/4.0.0-alpha-6/selenium-opera-driver-4.0.0-alpha-6.jar:/home/abhishek/.m2/repository/org/seleniumhq/selenium/selenium-remote-driver/4.0.0-alpha-6/selenium-remote-driver-4.0.0-alpha-6.jar:/home/abhishek/.m2/repository/com/squareup/okhttp3/okhttp/4.5.0/okhttp-4.5.0.jar:/home/abhishek/.m2/repository/org/jetbrains/kotlin/kotlin-stdlib/1.3.70/kotlin-stdlib-1.3.70.jar:/home/abhishek/.m2/repository/org/jetbrains/annotations/13.0/annotations-13.0.jar:/home/abhishek/.m2/repository/com/squareup/okio/okio/2.6.0/okio-2.6.0.jar:/home/abhishek/.m2/repository/org/jetbrains/kotlin/kotlin-stdlib-common/1.3.70/kotlin-stdlib-common-1.3.70.jar:/home/abhishek/.m2/repository/com/typesafe/netty/netty-reactive-streams/2.0.4/netty-reactive-streams-2.0.4.jar:/home/abhishek/.m2/repository/io/netty/netty-handler/4.1.43.Final/netty-handler-4.1.43.Final.jar:/home/abhishek/.m2/repository/org/reactivestreams/reactive-streams/1.0.3/reactive-streams-1.0.3.jar:/home/abhishek/.m2/repository/io/grpc/grpc-context/1.28.0/grpc-context-1.28.0.jar:/home/abhishek/.m2/repository/io/netty/netty-buffer/4.1.49.Final/netty-buffer-4.1.49.Final.jar:/home/abhishek/.m2/repository/io/netty/netty-common/4.1.49.Final/netty-common-4.1.49.Final.jar:/home/abhishek/.m2/repository/io/netty/netty-codec-http/4.1.49.Final/netty-codec-http-4.1.49.Final.jar:/home/abhishek/.m2/repository/io/netty/netty-codec/4.1.49.Final/netty-codec-4.1.49.Final.jar:/home/abhishek/.m2/repository/io/netty/netty-transport-native-epoll/4.1.49.Final/netty-transport-native-epoll-4.1.49.Final.jar:/home/abhishek/.m2/repository/io/netty/netty-transport-native-epoll/4.1.49.Final/netty-transport-native-epoll-4.1.49.Final-linux-x86_64.jar:/home/abhishek/.m2/repository/io/netty/netty-transport-native-kqueue/4.1.49.Final/netty-transport-native-kqueue-4.1.49.Final.jar:/home/abhishek/.m2/repository/io/netty/netty-transport-native-kqueue/4.1.49.Final/netty-transport-native-kqueue-4.1.49.Final-osx-x86_64.jar:/home/abhishek/.m2/repository/io/netty/netty-transport-native-unix-common/4.1.49.Final/netty-transport-native-unix-common-4.1.49.Final.jar:/home/abhishek/.m2/repository/io/netty/netty-transport/4.1.49.Final/netty-transport-4.1.49.Final.jar:/home/abhishek/.m2/repository/io/netty/netty-resolver/4.1.49.Final/netty-resolver-4.1.49.Final.jar:/home/abhishek/.m2/repository/io/opentelemetry/opentelemetry-api/0.4.0/opentelemetry-api-0.4.0.jar:/home/abhishek/.m2/repository/io/opentelemetry/opentelemetry-context-prop/0.4.0/opentelemetry-context-prop-0.4.0.jar:/home/abhishek/.m2/repository/io/opentelemetry/opentelemetry-sdk/0.4.0/opentelemetry-sdk-0.4.0.jar:/home/abhishek/.m2/repository/io/projectreactor/netty/reactor-netty/0.9.6.RELEASE/reactor-netty-0.9.6.RELEASE.jar:/home/abhishek/.m2/repository/io/netty/netty-codec-http2/4.1.48.Final/netty-codec-http2-4.1.48.Final.jar:/home/abhishek/.m2/repository/io/netty/netty-handler-proxy/4.1.48.Final/netty-handler-proxy-4.1.48.Final.jar:/home/abhishek/.m2/repository/io/projectreactor/reactor-core/3.3.5.RELEASE/reactor-core-3.3.5.RELEASE.jar:/home/abhishek/.m2/repository/net/bytebuddy/byte-buddy/1.10.9/byte-buddy-1.10.9.jar:/home/abhishek/.m2/repository/org/apache/commons/commons-exec/1.3/commons-exec-1.3.jar:/home/abhishek/.m2/repository/org/asynchttpclient/async-http-client/2.12.1/async-http-client-2.12.1.jar:/home/abhishek/.m2/repository/org/asynchttpclient/async-http-client-netty-utils/2.12.1/async-http-client-netty-utils-2.12.1.jar:/home/abhishek/.m2/repository/io/netty/netty-codec-socks/4.1.48.Final/netty-codec-socks-4.1.48.Final.jar:/home/abhishek/.m2/repository/org/slf4j/slf4j-api/1.7.30/slf4j-api-1.7.30.jar:/home/abhishek/.m2/repository/com/sun/activation/javax.activation/1.2.0/javax.activation-1.2.0.jar:/home/abhishek/.m2/repository/org/seleniumhq/selenium/selenium-safari-driver/4.0.0-alpha-6/selenium-safari-driver-4.0.0-alpha-6.jar:/home/abhishek/.m2/repository/org/seleniumhq/selenium/selenium-support/4.0.0-alpha-6/selenium-support-4.0.0-alpha-6.jar:/home/abhishek/.m2/repository/org/testng/testng/7.1.0/testng-7.1.0.jar:/home/abhishek/.m2/repository/com/beust/jcommander/1.72/jcommander-1.72.jar:/home/abhishek/.m2/repository/com/google/inject/guice/4.1.0/guice-4.1.0-no_aop.jar:/home/abhishek/.m2/repository/javax/inject/javax.inject/1/javax.inject-1.jar:/home/abhishek/.m2/repository/aopalliance/aopalliance/1.0/aopalliance-1.0.jar:/home/abhishek/.m2/repository/org/yaml/snakeyaml/1.21/snakeyaml-1.21.jar:/home/abhishek/.m2/repository/org/apache/logging/log4j/log4j-core/2.13.3/log4j-core-2.13.3.jar:/home/abhishek/.m2/repository/org/apache/logging/log4j/log4j-api/2.13.3/log4j-api-2.13.3.jar:/home/abhishek/.m2/repository/commons-io/commons-io/2.7/commons-io-2.7.jar:/home/abhishek/.m2/repository/com/aventstack/extentreports/4.1.7/extentreports-4.1.7.jar:/home/abhishek/.m2/repository/org/freemarker/freemarker/2.3.29/freemarker-2.3.29.jar:/home/abhishek/.m2/repository/org/apache/httpcomponents/httpclient/4.5.2/httpclient-4.5.2.jar:/home/abhishek/.m2/repository/org/apache/httpcomponents/httpcore/4.4.4/httpcore-4.4.4.jar:/home/abhishek/.m2/repository/commons-logging/commons-logging/1.2/commons-logging-1.2.jar:/home/abhishek/.m2/repository/commons-codec/commons-codec/1.9/commons-codec-1.9.jar:/home/abhishek/.m2/repository/org/apache/httpcomponents/httpmime/4.5.2/httpmime-4.5.2.jar:/home/abhishek/.m2/repository/com/google/code/gson/gson/2.8.6/gson-2.8.6.jar:/home/abhishek/.m2/repository/org/mongodb/mongodb-driver/3.12.0/mongodb-driver-3.12.0.jar:/home/abhishek/.m2/repository/org/mongodb/mongodb-driver-core/3.12.0/mongodb-driver-core-3.12.0.jar:/home/abhishek/.m2/repository/org/mongodb/bson/3.12.0/bson-3.12.0.jar:"/>
    <property name="java.vm.vendor" value="Private Build"/>
    <property name="sun.arch.data.model" value="64"/>
    <property name="java.vendor.url" value="http://java.oracle.com/"/>
    <property name="user.timezone" value="Asia/Kolkata"/>
    <property name="java.vm.specification.version" value="1.8"/>
    <property name="os.name" value="Linux"/>
    <property name="user.country" value="IN"/>
    <property name="sun.java.launcher" value="SUN_STANDARD"/>
    <property name="sun.boot.library.path" value="/usr/lib/jvm/java-8-openjdk-amd64/jre/lib/amd64"/>
    <property name="sun.java.command" value="/home/abhishek/eclipse-workspace/E2EProject/target/surefire/surefirebooter1537679296237432132.jar /home/abhishek/eclipse-workspace/E2EProject/target/surefire 2020-07-30T23-34-47_954-jvmRun1 surefire1560173963350759303tmp surefire_01067789767830708386tmp"/>
    <property name="surefire.test.class.path" value="/home/abhishek/eclipse-workspace/E2EProject/target/test-classes:/home/abhishek/eclipse-workspace/E2EProject/target/classes:/home/abhishek/.m2/repository/org/seleniumhq/selenium/selenium-java/4.0.0-alpha-6/selenium-java-4.0.0-alpha-6.jar:/home/abhishek/.m2/repository/org/seleniumhq/selenium/selenium-api/4.0.0-alpha-6/selenium-api-4.0.0-alpha-6.jar:/home/abhishek/.m2/repository/org/seleniumhq/selenium/selenium-chrome-driver/4.0.0-alpha-6/selenium-chrome-driver-4.0.0-alpha-6.jar:/home/abhishek/.m2/repository/com/google/auto/service/auto-service-annotations/1.0-rc6/auto-service-annotations-1.0-rc6.jar:/home/abhishek/.m2/repository/com/google/auto/service/auto-service/1.0-rc6/auto-service-1.0-rc6.jar:/home/abhishek/.m2/repository/com/google/auto/auto-common/0.10/auto-common-0.10.jar:/home/abhishek/.m2/repository/com/google/guava/guava/29.0-jre/guava-29.0-jre.jar:/home/abhishek/.m2/repository/com/google/guava/failureaccess/1.0.1/failureaccess-1.0.1.jar:/home/abhishek/.m2/repository/com/google/guava/listenablefuture/9999.0-empty-to-avoid-conflict-with-guava/listenablefuture-9999.0-empty-to-avoid-conflict-with-guava.jar:/home/abhishek/.m2/repository/com/google/code/findbugs/jsr305/3.0.2/jsr305-3.0.2.jar:/home/abhishek/.m2/repository/org/checkerframework/checker-qual/2.11.1/checker-qual-2.11.1.jar:/home/abhishek/.m2/repository/com/google/errorprone/error_prone_annotations/2.3.4/error_prone_annotations-2.3.4.jar:/home/abhishek/.m2/repository/com/google/j2objc/j2objc-annotations/1.3/j2objc-annotations-1.3.jar:/home/abhishek/.m2/repository/org/seleniumhq/selenium/selenium-chromium-driver/4.0.0-alpha-6/selenium-chromium-driver-4.0.0-alpha-6.jar:/home/abhishek/.m2/repository/org/seleniumhq/selenium/selenium-devtools/4.0.0-alpha-6/selenium-devtools-4.0.0-alpha-6.jar:/home/abhishek/.m2/repository/org/seleniumhq/selenium/selenium-http/4.0.0-alpha-6/selenium-http-4.0.0-alpha-6.jar:/home/abhishek/.m2/repository/org/seleniumhq/selenium/selenium-json/4.0.0-alpha-6/selenium-json-4.0.0-alpha-6.jar:/home/abhishek/.m2/repository/org/seleniumhq/selenium/selenium-edge-driver/4.0.0-alpha-6/selenium-edge-driver-4.0.0-alpha-6.jar:/home/abhishek/.m2/repository/org/seleniumhq/selenium/selenium-edgehtml-driver/4.0.0-alpha-6/selenium-edgehtml-driver-4.0.0-alpha-6.jar:/home/abhishek/.m2/repository/org/seleniumhq/selenium/selenium-firefox-driver/4.0.0-alpha-6/selenium-firefox-driver-4.0.0-alpha-6.jar:/home/abhishek/.m2/repository/org/seleniumhq/selenium/selenium-firefox-xpi-driver/4.0.0-alpha-6/selenium-firefox-xpi-driver-4.0.0-alpha-6.jar:/home/abhishek/.m2/repository/org/seleniumhq/selenium/selenium-ie-driver/4.0.0-alpha-6/selenium-ie-driver-4.0.0-alpha-6.jar:/home/abhishek/.m2/repository/org/seleniumhq/selenium/selenium-opera-driver/4.0.0-alpha-6/selenium-opera-driver-4.0.0-alpha-6.jar:/home/abhishek/.m2/repository/org/seleniumhq/selenium/selenium-remote-driver/4.0.0-alpha-6/selenium-remote-driver-4.0.0-alpha-6.jar:/home/abhishek/.m2/repository/com/squareup/okhttp3/okhttp/4.5.0/okhttp-4.5.0.jar:/home/abhishek/.m2/repository/org/jetbrains/kotlin/kotlin-stdlib/1.3.70/kotlin-stdlib-1.3.70.jar:/home/abhishek/.m2/repository/org/jetbrains/annotations/13.0/annotations-13.0.jar:/home/abhishek/.m2/repository/com/squareup/okio/okio/2.6.0/okio-2.6.0.jar:/home/abhishek/.m2/repository/org/jetbrains/kotlin/kotlin-stdlib-common/1.3.70/kotlin-stdlib-common-1.3.70.jar:/home/abhishek/.m2/repository/com/typesafe/netty/netty-reactive-streams/2.0.4/netty-reactive-streams-2.0.4.jar:/home/abhishek/.m2/repository/io/netty/netty-handler/4.1.43.Final/netty-handler-4.1.43.Final.jar:/home/abhishek/.m2/repository/org/reactivestreams/reactive-streams/1.0.3/reactive-streams-1.0.3.jar:/home/abhishek/.m2/repository/io/grpc/grpc-context/1.28.0/grpc-context-1.28.0.jar:/home/abhishek/.m2/repository/io/netty/netty-buffer/4.1.49.Final/netty-buffer-4.1.49.Final.jar:/home/abhishek/.m2/repository/io/netty/netty-common/4.1.49.Final/netty-common-4.1.49.Final.jar:/home/abhishek/.m2/repository/io/netty/netty-codec-http/4.1.49.Final/netty-codec-http-4.1.49.Final.jar:/home/abhishek/.m2/repository/io/netty/netty-codec/4.1.49.Final/netty-codec-4.1.49.Final.jar:/home/abhishek/.m2/repository/io/netty/netty-transport-native-epoll/4.1.49.Final/netty-transport-native-epoll-4.1.49.Final.jar:/home/abhishek/.m2/repository/io/netty/netty-transport-native-epoll/4.1.49.Final/netty-transport-native-epoll-4.1.49.Final-linux-x86_64.jar:/home/abhishek/.m2/repository/io/netty/netty-transport-native-kqueue/4.1.49.Final/netty-transport-native-kqueue-4.1.49.Final.jar:/home/abhishek/.m2/repository/io/netty/netty-transport-native-kqueue/4.1.49.Final/netty-transport-native-kqueue-4.1.49.Final-osx-x86_64.jar:/home/abhishek/.m2/repository/io/netty/netty-transport-native-unix-common/4.1.49.Final/netty-transport-native-unix-common-4.1.49.Final.jar:/home/abhishek/.m2/repository/io/netty/netty-transport/4.1.49.Final/netty-transport-4.1.49.Final.jar:/home/abhishek/.m2/repository/io/netty/netty-resolver/4.1.49.Final/netty-resolver-4.1.49.Final.jar:/home/abhishek/.m2/repository/io/opentelemetry/opentelemetry-api/0.4.0/opentelemetry-api-0.4.0.jar:/home/abhishek/.m2/repository/io/opentelemetry/opentelemetry-context-prop/0.4.0/opentelemetry-context-prop-0.4.0.jar:/home/abhishek/.m2/repository/io/opentelemetry/opentelemetry-sdk/0.4.0/opentelemetry-sdk-0.4.0.jar:/home/abhishek/.m2/repository/io/projectreactor/netty/reactor-netty/0.9.6.RELEASE/reactor-netty-0.9.6.RELEASE.jar:/home/abhishek/.m2/repository/io/netty/netty-codec-http2/4.1.48.Final/netty-codec-http2-4.1.48.Final.jar:/home/abhishek/.m2/repository/io/netty/netty-handler-proxy/4.1.48.Final/netty-handler-proxy-4.1.48.Final.jar:/home/abhishek/.m2/repository/io/projectreactor/reactor-core/3.3.5.RELEASE/reactor-core-3.3.5.RELEASE.jar:/home/abhishek/.m2/repository/net/bytebuddy/byte-buddy/1.10.9/byte-buddy-1.10.9.jar:/home/abhishek/.m2/repository/org/apache/commons/commons-exec/1.3/commons-exec-1.3.jar:/home/abhishek/.m2/repository/org/asynchttpclient/async-http-client/2.12.1/async-http-client-2.12.1.jar:/home/abhishek/.m2/repository/org/asynchttpclient/async-http-client-netty-utils/2.12.1/async-http-client-netty-utils-2.12.1.jar:/home/abhishek/.m2/repository/io/netty/netty-codec-socks/4.1.48.Final/netty-codec-socks-4.1.48.Final.jar:/home/abhishek/.m2/repository/org/slf4j/slf4j-api/1.7.30/slf4j-api-1.7.30.jar:/home/abhishek/.m2/repository/com/sun/activation/javax.activation/1.2.0/javax.activation-1.2.0.jar:/home/abhishek/.m2/repository/org/seleniumhq/selenium/selenium-safari-driver/4.0.0-alpha-6/selenium-safari-driver-4.0.0-alpha-6.jar:/home/abhishek/.m2/repository/org/seleniumhq/selenium/selenium-support/4.0.0-alpha-6/selenium-support-4.0.0-alpha-6.jar:/home/abhishek/.m2/repository/org/testng/testng/7.1.0/testng-7.1.0.jar:/home/abhishek/.m2/repository/com/beust/jcommander/1.72/jcommander-1.72.jar:/home/abhishek/.m2/repository/com/google/inject/guice/4.1.0/guice-4.1.0-no_aop.jar:/home/abhishek/.m2/repository/javax/inject/javax.inject/1/javax.inject-1.jar:/home/abhishek/.m2/repository/aopalliance/aopalliance/1.0/aopalliance-1.0.jar:/home/abhishek/.m2/repository/org/yaml/snakeyaml/1.21/snakeyaml-1.21.jar:/home/abhishek/.m2/repository/org/apache/logging/log4j/log4j-core/2.13.3/log4j-core-2.13.3.jar:/home/abhishek/.m2/repository/org/apache/logging/log4j/log4j-api/2.13.3/log4j-api-2.13.3.jar:/home/abhishek/.m2/repository/commons-io/commons-io/2.7/commons-io-2.7.jar:/home/abhishek/.m2/repository/com/aventstack/extentreports/4.1.7/extentreports-4.1.7.jar:/home/abhishek/.m2/repository/org/freemarker/freemarker/2.3.29/freemarker-2.3.29.jar:/home/abhishek/.m2/repository/org/apache/httpcomponents/httpclient/4.5.2/httpclient-4.5.2.jar:/home/abhishek/.m2/repository/org/apache/httpcomponents/httpcore/4.4.4/httpcore-4.4.4.jar:/home/abhishek/.m2/repository/commons-logging/commons-logging/1.2/commons-logging-1.2.jar:/home/abhishek/.m2/repository/commons-codec/commons-codec/1.9/commons-codec-1.9.jar:/home/abhishek/.m2/repository/org/apache/httpcomponents/httpmime/4.5.2/httpmime-4.5.2.jar:/home/abhishek/.m2/repository/com/google/code/gson/gson/2.8.6/gson-2.8.6.jar:/home/abhishek/.m2/repository/org/mongodb/mongodb-driver/3.12.0/mongodb-driver-3.12.0.jar:/home/abhishek/.m2/repository/org/mongodb/mongodb-driver-core/3.12.0/mongodb-driver-core-3.12.0.jar:/home/abhishek/.m2/repository/org/mongodb/bson/3.12.0/bson-3.12.0.jar:"/>
    <property name="sun.cpu.endian" value="little"/>
    <property name="user.home" value="/home/abhishek"/>
    <property name="user.language" value="en"/>
    <property name="java.specification.vendor" value="Oracle Corporation"/>
    <property name="java.home" value="/usr/lib/jvm/java-8-openjdk-amd64/jre"/>
    <property name="basedir" value="/home/abhishek/eclipse-workspace/E2EProject"/>
    <property name="file.separator" value="/"/>
    <property name="line.separator" value="&#10;"/>
    <property name="java.vm.specification.vendor" value="Oracle Corporation"/>
    <property name="java.specification.name" value="Java Platform API Specification"/>
    <property name="java.awt.graphicsenv" value="sun.awt.X11GraphicsEnvironment"/>
    <property name="surefire.real.class.path" value="/home/abhishek/eclipse-workspace/E2EProject/target/surefire/surefirebooter1537679296237432132.jar"/>
    <property name="sun.boot.class.path" value="/usr/lib/jvm/java-8-openjdk-amd64/jre/lib/resources.jar:/usr/lib/jvm/java-8-openjdk-amd64/jre/lib/rt.jar:/usr/lib/jvm/java-8-openjdk-amd64/jre/lib/sunrsasign.jar:/usr/lib/jvm/java-8-openjdk-amd64/jre/lib/jsse.jar:/usr/lib/jvm/java-8-openjdk-amd64/jre/lib/jce.jar:/usr/lib/jvm/java-8-openjdk-amd64/jre/lib/charsets.jar:/usr/lib/jvm/java-8-openjdk-amd64/jre/lib/jfr.jar:/usr/lib/jvm/java-8-openjdk-amd64/jre/classes"/>
    <property name="sun.management.compiler" value="HotSpot 64-Bit Tiered Compilers"/>
    <property name="java.runtime.version" value="1.8.0_252-8u252-b09-1~16.04-b09"/>
    <property name="user.name" value="abhishek"/>
    <property name="path.separator" value=":"/>
    <property name="os.version" value="4.15.0-107-generic"/>
    <property name="java.endorsed.dirs" value="/usr/lib/jvm/java-8-openjdk-amd64/jre/lib/endorsed"/>
    <property name="java.runtime.name" value="OpenJDK Runtime Environment"/>
    <property name="file.encoding" value="UTF-8"/>
    <property name="sun.nio.ch.bugLevel" value=""/>
    <property name="java.vm.name" value="OpenJDK 64-Bit Server VM"/>
    <property name="localRepository" value="/home/abhishek/.m2/repository"/>
    <property name="java.vendor.url.bug" value="http://bugreport.sun.com/bugreport/"/>
    <property name="java.io.tmpdir" value="/tmp"/>
    <property name="java.version" value="1.8.0_252"/>
    <property name="user.dir" value="/home/abhishek/eclipse-workspace/E2EProject"/>
    <property name="os.arch" value="amd64"/>
    <property name="java.vm.specification.name" value="Java Virtual Machine Specification"/>
    <property name="java.awt.printerjob" value="sun.print.PSPrinterJob"/>
    <property name="sun.os.patch.level" value="unknown"/>
    <property name="java.library.path" value="/usr/java/packages/lib/amd64:/usr/lib/x86_64-linux-gnu/jni:/lib/x86_64-linux-gnu:/usr/lib/x86_64-linux-gnu:/usr/lib/jni:/lib:/usr/lib"/>
    <property name="java.vm.info" value="mixed mode"/>
    <property name="java.vendor" value="Private Build"/>
    <property name="java.vm.version" value="25.252-b09"/>
    <property name="java.ext.dirs" value="/usr/lib/jvm/java-8-openjdk-amd64/jre/lib/ext:/usr/java/packages/lib/ext"/>
    <property name="sun.io.unicode.encoding" value="UnicodeLittle"/>
    <property name="java.class.version" value="52.0"/>
  </properties>
  <testcase name="basepageNavigation" classname="academy.ValidateTitle" time="0.316">
    <failure message="expected:&lt;FEATURED COURSES&gt; but was:&lt;FEATURED COURSES123&gt;" type="java.lang.AssertionError"><![CDATA[java.lang.AssertionError: expected:<FEATURED COURSES> but was:<FEATURED COURSES123>
	at academy.ValidateTitle.basepageNavigation(ValidateTitle.java:45)
]]></failure>
    <system-err><![CDATA[SLF4J: Failed to load class "org.slf4j.impl.StaticLoggerBinder".
SLF4J: Defaulting to no-operation (NOP) logger implementation
SLF4J: See http://www.slf4j.org/codes.html#StaticLoggerBinder for further details.
Starting ChromeDriver 75.0.3770.140[[1596132Starting Ch2S9t1a.r1t1i6ng ChromeDriver 75.0.3770.140 (2d9f97485c7b07dc18a74666574f19176731995c-refs/branch-heads/377 1(2d9f][SEVERE]: bind() failed: Cannot assign requested address (99)
59r61322omeDriver 75.0.3770.140 (2d9f97485c7b07dc18a74666574f1917673199957c-4r85c7b07dc18a74666574f191767319991.096][SEVERE]: bind() failed: Cannot assign requested address (99)
[e155c9-6r1e3f2s2/9b1r.a0n9c7h]-[hSeEaVds/3770@{#1155}) on port 14450E
RfEs]/:b Obnilnydranch-heads(/)3 77f0a@i{#11550}@){#1155})  olocal connections are allowed.
Please protect ports used by ChromeDr on port 15239
Only local connections are allowed.
Please protect ports used by ChromeDiver and related test frameworks triver and related test frameworks to prevenln eporto 32520
Onl y lpreventt adccess by malicious code.
 o:c Caaclc ecsosn nbeyc tmiaolniasc iaorues  allnonwoetd .a
Pcleoadsee. 
protect ports used by ChromeDriver and related test frameworks to prevent access by malicious code.
ssign requested address (99)
Jul 30, 2020 11:34:53 PM org.openqa.selenium.remote.ProtocolHandshake createSession
INFO: Detected dialect: W3C
Jul 30, 2020 11:34:53 PM org.openqa.selenium.remote.ProtocolHandshake createSession
INFO: Detected dialect: W3C
Jul 30, 2020 11:34:53 PM org.openqa.selenium.remote.ProtocolHandshake createSession
INFO: Detected dialect: W3C
]]></system-err>
  </testcase>
  <testcase name="basepageNavigation" classname="academy.ValidateNavigationBar" time="0.271"/>
  <testcase name="basepageNavigation" classname="academy.HomePage" time="3.164"/>
  <testcase name="basepageNavigation" classname="academy.HomePage" time="3.3"/>
</testsuite>