<?xml version="1.0" encoding="UTF-8"?>
<!-- Generated by org.testng.reporters.JUnitReportReporter -->
<testsuite skipped="0" hostname="abhishek" name="Daterange.MonthTest" tests="2" failures="0" timestamp="2020-07-17T18:27:57 IST" time="0.016" errors="0">
  <testcase name="Desktop" time="0.010" classname="Daterange.MonthTest"/>
  <system-out/>
  <testcase name="Laptop" time="0.006" classname="Daterange.MonthTest"/>
  <system-out/>
</testsuite> <!-- Daterange.MonthTest -->
