<?xml version="1.0" encoding="UTF-8"?>
<!-- Generated by org.testng.reporters.JUnitReportReporter -->
<testsuite skipped="0" hostname="abhishek" name="ExtendReports.ExtendReportDemo" tests="1" failures="0" timestamp="2020-07-17T19:37:11 IST" time="5.680" errors="0">
  <testcase name="InitialDemo" time="5.680" classname="ExtendReports.ExtendReportDemo"/>
  <system-out/>
</testsuite> <!-- ExtendReports.ExtendReportDemo -->
