<?xml version="1.0" encoding="UTF-8"?>
<!-- Generated by org.testng.reporters.JUnitReportReporter -->
<testsuite skipped="0" hostname="abhishek" name="cucumberOptions.TestRunner" tests="1" failures="0" timestamp="2020-12-15T13:01:08 IST" time="17.763" errors="0">
  <testcase name="feature" time="17.763" classname="cucumberOptions.TestRunner"/>
  <system-out/>
</testsuite> <!-- cucumberOptions.TestRunner -->
