<?xml version="1.0" encoding="UTF-8"?>
<!-- Generated by org.testng.reporters.JUnitReportReporter -->
<testsuite skipped="0" hostname="abhishek" name="academy.ValidateNavigationBar" tests="1" failures="0" timestamp="2020-07-30T20:43:19 IST" time="0.243" errors="0">
  <testcase name="basepageNavigation" time="0.243" classname="academy.ValidateNavigationBar"/>
  <system-out/>
</testsuite> <!-- academy.ValidateNavigationBar -->
