<?xml version="1.0" encoding="UTF-8"?>
<!-- Generated by org.testng.reporters.JUnitReportReporter -->
<testsuite skipped="0" hostname="abhishek" name="academy.HomePage" tests="2" failures="0" timestamp="2020-07-30T23:31:13 IST" time="13.972" errors="0">
  <testcase name="basepageNavigation" time="3.694" classname="academy.HomePage"/>
  <system-out/>
  <testcase name="basepageNavigation" time="10.278" classname="academy.HomePage"/>
  <system-out/>
</testsuite> <!-- academy.HomePage -->
