<?xml version="1.0" encoding="UTF-8"?>
<!-- Generated by org.testng.reporters.JUnitReportReporter -->
<testsuite skipped="0" hostname="abhishek" name="Daterange.WeekTest" tests="2" failures="0" timestamp="2020-07-17T17:57:24 IST" time="0.001" errors="0">
  <testcase name="Bed" time="0.000" classname="Daterange.WeekTest"/>
  <system-out/>
  <testcase name="Table" time="0.001" classname="Daterange.WeekTest"/>
  <system-out/>
</testsuite> <!-- Daterange.WeekTest -->
