<?xml version="1.0" encoding="UTF-8"?>
<!-- Generated by org.testng.reporters.JUnitReportReporter -->
<testsuite skipped="0" hostname="abhishek" name="Daterange.MonthTest" tests="2" failures="0" timestamp="2020-07-17T17:57:24 IST" time="0.009" errors="0">
  <testcase name="Laptop" time="0.001" classname="Daterange.MonthTest"/>
  <system-out/>
  <testcase name="Desktop" time="0.008" classname="Daterange.MonthTest"/>
  <system-out/>
</testsuite> <!-- Daterange.MonthTest -->
