<?xml version="1.0" encoding="UTF-8"?>
<!-- Generated by org.testng.reporters.JUnitReportReporter -->
<testsuite skipped="0" hostname="abhishek" name="testcase.RediffLogin" tests="1" failures="0" timestamp="2020-07-21T21:05:54 IST" time="3.840" errors="0">
  <testcase name="Login" time="3.840" classname="testcase.RediffLogin"/>
  <system-out/>
</testsuite> <!-- testcase.RediffLogin -->
