<?xml version="1.0" encoding="UTF-8"?>
<!-- Generated by org.testng.reporters.JUnitReportReporter -->
<testsuite skipped="0" hostname="abhishek" name="testcase.Loginpage" tests="1" failures="0" timestamp="2020-07-21T22:39:32 IST" time="8.490" errors="0">
  <testcase name="Login" time="8.490" classname="testcase.Loginpage"/>
  <system-out/>
</testsuite> <!-- testcase.Loginpage -->
