<?xml version="1.0" encoding="UTF-8"?>
<!-- Generated by org.testng.reporters.JUnitReportReporter -->
<testsuite skipped="0" hostname="abhishek" name="test.day3" tests="3" failures="0" timestamp="2020-07-17T17:51:09 IST" time="0.005" errors="0">
  <testcase name="Mobile" time="0.002" classname="test.day3"/>
  <system-out/>
  <testcase name="Mobile" time="0.002" classname="test.day3"/>
  <system-out/>
  <testcase name="Mobile" time="0.001" classname="test.day3"/>
  <system-out/>
</testsuite> <!-- test.day3 -->
