<?xml version="1.0" encoding="UTF-8"?>
<!-- Generated by org.testng.reporters.JUnitReportReporter -->
<testsuite skipped="0" hostname="abhishek" name="test.Day1" tests="1" failures="0" timestamp="2020-05-31T01:56:35 IST" time="0.002" errors="0">
  <testcase name="SecondTest" time="0.002" classname="test.Day1"/>
  <system-out/>
</testsuite> <!-- test.Day1 -->
